{"timestamp":"2026-03-05 07:02:32","message":"Erro de conex\u00e3o com banco de dados","context":{"error":"SQLSTATE[HY000] [2002] Nenhuma liga\u00e7\u00e3o p\u00f4de ser feita porque o computador de destino\r\nas recusou ativamente"},"ip":"::1"}
{"timestamp":"2026-03-05 07:02:34","message":"Erro de conex\u00e3o com banco de dados","context":{"error":"SQLSTATE[HY000] [2002] Nenhuma liga\u00e7\u00e3o p\u00f4de ser feita porque o computador de destino\r\nas recusou ativamente"},"ip":"::1"}
{"timestamp":"2026-03-05 07:02:50","message":"Erro de conex\u00e3o com banco de dados","context":{"error":"SQLSTATE[HY000] [2002] Nenhuma liga\u00e7\u00e3o p\u00f4de ser feita porque o computador de destino\r\nas recusou ativamente"},"ip":"::1"}
{"timestamp":"2026-03-05 07:03:27","message":"Erro de conex\u00e3o com banco de dados","context":{"error":"SQLSTATE[HY000] [2002] Nenhuma liga\u00e7\u00e3o p\u00f4de ser feita porque o computador de destino\r\nas recusou ativamente"},"ip":"::1"}
{"timestamp":"2026-03-05 07:03:29","message":"Erro de conex\u00e3o com banco de dados","context":{"error":"SQLSTATE[HY000] [2002] Nenhuma liga\u00e7\u00e3o p\u00f4de ser feita porque o computador de destino\r\nas recusou ativamente"},"ip":"::1"}
{"timestamp":"2026-03-05 07:03:32","message":"Erro de conex\u00e3o com banco de dados","context":{"error":"SQLSTATE[HY000] [2002] Nenhuma liga\u00e7\u00e3o p\u00f4de ser feita porque o computador de destino\r\nas recusou ativamente"},"ip":"::1"}
{"timestamp":"2026-03-05 07:03:51","message":"Erro de conex\u00e3o com banco de dados","context":{"error":"SQLSTATE[HY000] [2002] Nenhuma liga\u00e7\u00e3o p\u00f4de ser feita porque o computador de destino\r\nas recusou ativamente"},"ip":"::1"}
{"timestamp":"2026-03-05 07:04:02","message":"Erro de conex\u00e3o com banco de dados","context":{"error":"SQLSTATE[HY000] [2002] Nenhuma liga\u00e7\u00e3o p\u00f4de ser feita porque o computador de destino\r\nas recusou ativamente"},"ip":"::1"}
{"timestamp":"2026-03-05 07:04:14","message":"Erro de conex\u00e3o com banco de dados","context":{"error":"SQLSTATE[HY000] [2002] Nenhuma liga\u00e7\u00e3o p\u00f4de ser feita porque o computador de destino\r\nas recusou ativamente"},"ip":"::1"}
{"timestamp":"2026-03-05 07:04:32","message":"Erro de conex\u00e3o com banco de dados","context":{"error":"SQLSTATE[HY000] [2006] MySQL server has gone away"},"ip":"::1"}
{"timestamp":"2026-03-05 07:04:32","message":"Erro de conex\u00e3o com banco de dados","context":{"error":"SQLSTATE[HY000] [2006] MySQL server has gone away"},"ip":"::1"}
{"timestamp":"2026-03-05 07:05:18","message":"Erro de conex\u00e3o com banco de dados","context":{"error":"SQLSTATE[HY000] [2006] MySQL server has gone away"},"ip":"::1"}
{"timestamp":"2026-03-05 07:05:18","message":"Erro de conex\u00e3o com banco de dados","context":{"error":"SQLSTATE[HY000] [2006] MySQL server has gone away"},"ip":"::1"}
{"timestamp":"2026-03-05 07:05:32","message":"Erro de conex\u00e3o com banco de dados","context":{"error":"SQLSTATE[HY000] [2006] MySQL server has gone away"},"ip":"::1"}
{"timestamp":"2026-03-05 07:15:17","message":"Erro de conex\u00e3o com banco de dados","context":{"error":"SQLSTATE[HY000] [2006] MySQL server has gone away"},"ip":"::1"}
{"timestamp":"2026-03-05 07:15:17","message":"Erro de conex\u00e3o com banco de dados","context":{"error":"SQLSTATE[HY000] [2006] MySQL server has gone away"},"ip":"::1"}
{"timestamp":"2026-03-05 07:21:20","message":"Erro de conex\u00e3o com banco de dados","context":{"error":"SQLSTATE[HY000] [1049] Unknown database 'labcontrol'"},"ip":"::1"}
{"timestamp":"2026-03-05 07:21:21","message":"Erro de conex\u00e3o com banco de dados","context":{"error":"SQLSTATE[HY000] [1049] Unknown database 'labcontrol'"},"ip":"::1"}
{"timestamp":"2026-03-05 07:21:27","message":"Erro de conex\u00e3o com banco de dados","context":{"error":"SQLSTATE[HY000] [1049] Unknown database 'labcontrol'"},"ip":"::1"}
{"timestamp":"2026-03-05 07:23:43","message":"Login attempt with non-existent email: admin@labcontrol.local","context":{"ip":"::1","timestamp":"2026-03-05 07:23:43"},"ip":"::1"}
{"timestamp":"2026-03-05 07:23:46","message":"Login attempt with non-existent email: admin@labcontrol.local","context":{"ip":"::1","timestamp":"2026-03-05 07:23:46"},"ip":"::1"}
{"timestamp":"2026-03-05 07:24:05","message":"Login attempt with non-existent email: admin@labcontrol.local","context":{"ip":"::1","timestamp":"2026-03-05 07:24:05"},"ip":"::1"}
{"timestamp":"2026-03-05 07:25:05","message":"Erro de conex\u00e3o com banco de dados","context":{"error":"SQLSTATE[HY000] [2002] Nenhuma liga\u00e7\u00e3o p\u00f4de ser feita porque o computador de destino\r\nas recusou ativamente"},"ip":"::1"}
{"timestamp":"2026-03-05 07:25:22","message":"Login attempt with non-existent email: admin@labcontrol.local","context":{"ip":"::1","timestamp":"2026-03-05 07:25:22"},"ip":"::1"}
{"timestamp":"2026-03-05 07:26:15","message":"Erro de conex\u00e3o com banco de dados","context":{"error":"SQLSTATE[HY000] [2006] MySQL server has gone away"},"ip":"::1"}
{"timestamp":"2026-03-05 07:28:37","message":"Multiple failed login attempts for: admin@labcontrol.local","context":{"ip":"::1","attempts":5,"email":"admin@labcontrol.local"},"ip":"::1"}
{"timestamp":"2026-03-05 07:57:42","message":"Erro de conex\u00e3o com banco de dados","context":{"error":"SQLSTATE[HY000] [2002] Normalmente s\u00f3 \u00e9 permitido uma utiliza\u00e7\u00e3o de cada endere\u00e7o de socket (protocolo\/endere\u00e7o de rede\/porta)"},"ip":"::1"}
{"timestamp":"2026-03-05 08:32:43","message":"Erro de conex\u00e3o com banco de dados","context":{"error":"SQLSTATE[HY000] [2002] Normalmente s\u00f3 \u00e9 permitido uma utiliza\u00e7\u00e3o de cada endere\u00e7o de socket (protocolo\/endere\u00e7o de rede\/porta)"},"ip":"::1"}
{"timestamp":"2026-03-05 08:32:43","message":"Erro de conex\u00e3o com banco de dados","context":{"error":"SQLSTATE[HY000] [2002] Normalmente s\u00f3 \u00e9 permitido uma utiliza\u00e7\u00e3o de cada endere\u00e7o de socket (protocolo\/endere\u00e7o de rede\/porta)"},"ip":"::1"}
{"timestamp":"2026-03-05 08:55:49","message":"Erro de conex\u00e3o com banco de dados","context":{"error":"SQLSTATE[HY000] [2002] Normalmente s\u00f3 \u00e9 permitido uma utiliza\u00e7\u00e3o de cada endere\u00e7o de socket (protocolo\/endere\u00e7o de rede\/porta)"},"ip":"::1"}
{"timestamp":"2026-03-05 08:55:49","message":"Erro de conex\u00e3o com banco de dados","context":{"error":"SQLSTATE[HY000] [2002] Normalmente s\u00f3 \u00e9 permitido uma utiliza\u00e7\u00e3o de cada endere\u00e7o de socket (protocolo\/endere\u00e7o de rede\/porta)"},"ip":"::1"}
